09.02.2023 - 13:55:32 - [TAB v3.2.1] Something just tried to add player Demy___ into team 20196B95_AA1 (expected team: 1Demy___A)
10.02.2023 - 09:49:43 - [TAB v3.2.1] Something just tried to add player Demy___ into team 04B8B9B3_AA1 (expected team: 1Demy___A)
10.02.2023 - 10:17:05 - [TAB v3.2.1] Something just tried to add player Demy___ into team F0C93CE1_AA1 (expected team: 1Demy___A)
10.02.2023 - 10:19:06 - [TAB v3.2.1] Something just tried to add player Demy___ into team 6031674E_AA1 (expected team: 1Demy___A)
10.02.2023 - 10:38:10 - [TAB v3.2.1] Something just tried to add player Demy___ into team 6031674E_AA2 (expected team: 1Demy___A)
10.02.2023 - 11:01:38 - [TAB v3.2.1] Something just tried to add player Demy___ into team F69143C5_AA1 (expected team: 1Demy___A)
10.02.2023 - 16:29:58 - [TAB v3.2.1] Something just tried to add player Demy___ into team 34C407E9_AA1 (expected team: 1Demy___A)
10.02.2023 - 16:32:47 - [TAB v3.2.1] Something just tried to add player Demy___ into team C12555D6_AA1 (expected team: 1Demy___A)
10.02.2023 - 19:21:54 - [TAB v3.2.1] Something just tried to add player Demy___ into team C12555D6_AA3 (expected team: 1Demy___A)
11.02.2023 - 10:48:09 - [TAB v3.2.1] Something just tried to add player Demy___ into team DAC692AC_AA1 (expected team: 1Demy___A)
11.02.2023 - 10:58:13 - [TAB v3.2.1] Something just tried to add player Demy___ into team 17B02964_AA1 (expected team: 1Demy___A)
11.02.2023 - 10:59:27 - [TAB v3.2.1] Something just tried to add player Demy___ into team 067A5201_AA1 (expected team: 1Demy___A)
11.02.2023 - 11:35:57 - [TAB v3.2.1] Something just tried to add player Demy___ into team 53A4EBF7_AA1 (expected team: 1Demy___A)
11.02.2023 - 13:32:32 - [TAB v3.2.1] Something just tried to add player Demy___ into team 53A4EBF7_AA3 (expected team: 1Demy___A)
11.02.2023 - 13:36:11 - [TAB v3.2.1] Something just tried to add player Demy___ into team 53A4EBF7_AA4 (expected team: 1Demy___A)
12.02.2023 - 10:02:35 - [TAB v3.2.1] Something just tried to add player Demy___ into team 79F40B12_AA1 (expected team: 1Demy___A)
12.02.2023 - 13:19:35 - [TAB v3.2.1] Something just tried to add player Demy___ into team B077CA86_AA1 (expected team: 6Demy___A)
12.02.2023 - 20:27:06 - [TAB v3.2.1] Something just tried to add player Demy___ into team ED741BCD_AA1 (expected team: 6Demy___A)
12.02.2023 - 23:04:56 - [TAB v3.2.1] Something just tried to add player Demy___ into team ED741BCD_AA2 (expected team: 1Demy___A)
13.02.2023 - 10:49:04 - [TAB v3.2.1] Something just tried to add player Demy___ into team 08484425_AA1 (expected team: 1Demy___A)
13.02.2023 - 10:58:50 - [TAB v3.2.1] Something just tried to add player Demy___ into team 4E1B92DB_AA1 (expected team: 1Demy___A)
13.02.2023 - 11:05:32 - [TAB v3.2.1] Something just tried to add player Demy___ into team 5C1B2E21_AA1 (expected team: 1Demy___A)
13.02.2023 - 23:15:19 - [TAB v3.2.1] Something just tried to add player Demy___ into team E1207595_AA1 (expected team: 1Demy___A)
17.02.2023 - 13:04:12 - [TAB v3.2.1] Something just tried to add player Demy___ into team 0778DB52_AA1 (expected team: 1Demy___A)
17.02.2023 - 13:56:43 - [TAB v3.2.1] Something just tried to add player Demy___ into team D79BAA59_AA1 (expected team: 1Demy___A)
17.02.2023 - 14:00:46 - [TAB v3.2.1] Something just tried to add player Demy___ into team EC63E3D1_AA1 (expected team: 1Demy___A)
17.02.2023 - 14:18:16 - [TAB v3.2.1] Something just tried to add player Demy___ into team 9448AFAE_AA1 (expected team: 1Demy___A)
